TN:
SF:src/components/AppLayout/AppLayout.tsx
FN:9,(anonymous_0)
FNF:1
FNH:1
FNDA:6,(anonymous_0)
DA:9,1
DA:10,6
LF:2
LH:2
BRF:0
BRH:0
end_of_record
TN:
SF:src/components/Header/Header.tsx
FN:4,(anonymous_0)
FNF:1
FNH:1
FNDA:2,(anonymous_0)
DA:4,1
DA:5,2
LF:2
LH:2
BRF:0
BRH:0
end_of_record
TN:
SF:src/components/Sidebar/Sidebar.tsx
FN:6,(anonymous_0)
FN:9,(anonymous_1)
FN:13,(anonymous_2)
FNF:3
FNH:3
FNDA:13,(anonymous_0)
FNDA:5,(anonymous_1)
FNDA:1,(anonymous_2)
DA:6,1
DA:7,13
DA:9,13
DA:10,5
DA:13,13
DA:14,1
DA:17,13
LF:7
LH:7
BRDA:26,0,0,3
BRDA:26,0,1,10
BRDA:38,1,0,3
BRDA:38,1,1,10
BRDA:45,2,0,13
BRDA:45,2,1,3
BRF:6
BRH:6
end_of_record
TN:
SF:src/components/Sidebar/components/FavoriteProjectList/FavoriteProjectList.tsx
FN:24,(anonymous_0)
FN:45,(anonymous_1)
FN:48,(anonymous_2)
FNF:3
FNH:3
FNDA:4,(anonymous_0)
FNDA:2,(anonymous_1)
FNDA:2,(anonymous_2)
DA:11,1
DA:24,1
DA:28,4
DA:30,4
DA:46,2
DA:49,2
LF:6
LH:6
BRDA:35,0,0,1
BRDA:35,0,1,3
BRDA:44,1,0,1
BRDA:44,1,1,2
BRDA:49,2,0,0
BRDA:49,2,1,2
BRF:6
BRH:5
end_of_record
TN:
SF:src/components/Sidebar/components/FavoriteProjectList/useFavoriteProjectList.ts
FN:4,(anonymous_0)
FN:11,(anonymous_1)
FNF:2
FNH:2
FNDA:5,(anonymous_0)
FNDA:5,(anonymous_1)
DA:4,2
DA:6,5
DA:8,5
DA:10,5
DA:11,5
DA:15,5
LF:6
LH:6
BRDA:11,0,0,2
BRDA:11,0,1,3
BRF:2
BRH:2
end_of_record
TN:
SF:src/components/ui/FormDatePickerField/FormDatePickerField.tsx
FN:13,(anonymous_0)
FN:19,(anonymous_1)
FN:30,(anonymous_2)
FN:33,(anonymous_3)
FNF:4
FNH:4
FNDA:7,(anonymous_0)
FNDA:10,(anonymous_1)
FNDA:16,(anonymous_2)
FNDA:3,(anonymous_3)
DA:13,1
DA:14,7
DA:19,1
DA:25,10
DA:26,10
DA:31,16
DA:33,3
LF:7
LH:7
BRDA:14,0,0,4
BRDA:14,0,1,3
BRDA:14,1,0,7
BRDA:14,1,1,5
BRDA:22,2,0,8
BRDA:25,3,0,10
BRDA:25,3,1,0
BRDA:32,4,0,4
BRDA:32,4,1,12
BRF:9
BRH:8
end_of_record
TN:
SF:src/pages/Projects/Projects.tsx
FN:4,(anonymous_0)
FNF:1
FNH:1
FNDA:3,(anonymous_0)
DA:4,1
DA:5,3
LF:2
LH:2
BRF:0
BRH:0
end_of_record
TN:
SF:src/pages/Projects/CreateProject/CreateProject.tsx
FN:7,(anonymous_0)
FNF:1
FNH:1
FNDA:7,(anonymous_0)
DA:7,1
DA:8,7
DA:10,7
LF:3
LH:3
BRF:0
BRH:0
end_of_record
TN:
SF:src/pages/Projects/CreateProject/useCreateProject.ts
FN:9,(anonymous_0)
FN:16,(anonymous_1)
FN:20,(anonymous_2)
FN:26,(anonymous_3)
FNF:4
FNH:2
FNDA:2,(anonymous_0)
FNDA:0,(anonymous_1)
FNDA:0,(anonymous_2)
FNDA:1,(anonymous_3)
DA:9,2
DA:10,2
DA:12,2
DA:14,2
DA:17,0
DA:18,0
DA:21,0
DA:26,2
DA:27,1
DA:30,2
LF:10
LH:7
BRF:0
BRH:0
end_of_record
TN:
SF:src/pages/Projects/EditProject/EditProject.tsx
FN:8,(anonymous_0)
FNF:1
FNH:1
FNDA:3,(anonymous_0)
DA:8,1
DA:10,3
DA:12,3
DA:13,1
DA:20,2
LF:5
LH:5
BRDA:12,0,0,1
BRDA:12,0,1,2
BRDA:12,1,0,3
BRDA:12,1,1,2
BRF:4
BRH:4
end_of_record
TN:
SF:src/pages/Projects/EditProject/useEditProject.ts
FN:9,(anonymous_0)
FN:27,(anonymous_1)
FN:33,(anonymous_2)
FN:38,(anonymous_3)
FN:42,(anonymous_4)
FN:48,(anonymous_5)
FNF:6
FNH:6
FNDA:5,(anonymous_0)
FNDA:5,(anonymous_1)
FNDA:5,(anonymous_2)
FNDA:1,(anonymous_3)
FNDA:1,(anonymous_4)
FNDA:1,(anonymous_5)
DA:9,2
DA:10,5
DA:12,5
DA:14,5
DA:20,5
DA:27,5
DA:28,5
DA:29,1
DA:33,5
DA:35,5
DA:39,1
DA:40,1
DA:43,1
DA:48,5
DA:49,1
DA:52,5
LF:16
LH:16
BRDA:28,0,0,1
BRDA:28,0,1,4
BRDA:28,1,0,5
BRDA:28,1,1,1
BRDA:28,1,2,1
BRDA:33,2,0,4
BRDA:33,2,1,1
BRF:7
BRH:7
end_of_record
TN:
SF:src/pages/Projects/ProjectDetail/ProjectDetail.tsx
FN:18,(anonymous_0)
FN:58,(anonymous_1)
FNF:2
FNH:2
FNDA:3,(anonymous_0)
FNDA:12,(anonymous_1)
DA:18,1
DA:24,3
DA:26,3
DA:27,1
DA:34,2
DA:43,2
DA:59,12
LF:7
LH:7
BRDA:26,0,0,1
BRDA:26,0,1,2
BRDA:26,1,0,3
BRDA:26,1,1,2
BRF:4
BRH:4
end_of_record
TN:
SF:src/pages/Projects/ProjectDetail/useProjectDetail.ts
FN:11,(anonymous_0)
FN:27,(anonymous_1)
FN:31,(anonymous_2)
FN:35,(anonymous_3)
FNF:4
FNH:4
FNDA:6,(anonymous_0)
FNDA:1,(anonymous_1)
FNDA:1,(anonymous_2)
FNDA:6,(anonymous_3)
DA:11,2
DA:12,6
DA:14,6
DA:20,6
DA:27,6
DA:28,1
DA:31,6
DA:32,1
DA:35,6
DA:36,6
DA:37,1
DA:41,6
LF:12
LH:12
BRDA:36,0,0,1
BRDA:36,0,1,5
BRDA:36,1,0,6
BRDA:36,1,1,2
BRDA:36,1,2,1
BRF:5
BRH:5
end_of_record
TN:
SF:src/pages/Projects/ProjectList/ProjectList.tsx
FN:7,(anonymous_0)
FNF:1
FNH:1
FNDA:1,(anonymous_0)
DA:7,1
DA:8,1
DA:9,1
LF:3
LH:3
BRF:0
BRH:0
end_of_record
TN:
SF:src/pages/Projects/ProjectList/useProjectList.ts
FN:5,(anonymous_0)
FN:11,(anonymous_1)
FN:15,(anonymous_2)
FNF:3
FNH:3
FNDA:4,(anonymous_0)
FNDA:4,(anonymous_1)
FNDA:1,(anonymous_2)
DA:5,2
DA:6,4
DA:8,4
DA:10,4
DA:11,4
DA:15,4
DA:16,1
DA:19,4
LF:8
LH:8
BRDA:11,0,0,1
BRDA:11,0,1,3
BRF:2
BRH:2
end_of_record
TN:
SF:src/pages/Projects/ProjectList/components/EditProject/EditProject.tsx
FN:11,(anonymous_0)
FN:14,(anonymous_1)
FNF:2
FNH:2
FNDA:2,(anonymous_0)
FNDA:1,(anonymous_1)
DA:11,2
DA:12,2
DA:14,2
DA:15,1
DA:17,2
LF:5
LH:5
BRF:0
BRH:0
end_of_record
TN:
SF:src/pages/Projects/ProjectList/components/FavoriteProject/FavoriteProject.tsx
FN:13,(anonymous_0)
FNF:1
FNH:1
FNDA:5,(anonymous_0)
DA:13,2
DA:14,5
DA:16,5
DA:20,5
LF:4
LH:4
BRDA:29,0,0,1
BRDA:29,0,1,4
BRF:2
BRH:2
end_of_record
TN:
SF:src/pages/Projects/ProjectList/components/FavoriteProject/useFavoriteProject.ts
FN:11,(anonymous_0)
FN:20,(anonymous_1)
FN:53,(anonymous_2)
FN:65,(anonymous_3)
FN:68,(anonymous_4)
FN:83,(anonymous_5)
FN:85,(anonymous_6)
FN:94,(anonymous_7)
FN:98,(anonymous_8)
FN:120,(anonymous_9)
FN:141,(anonymous_10)
FNF:11
FNH:0
FNDA:0,(anonymous_0)
FNDA:0,(anonymous_1)
FNDA:0,(anonymous_2)
FNDA:0,(anonymous_3)
FNDA:0,(anonymous_4)
FNDA:0,(anonymous_5)
FNDA:0,(anonymous_6)
FNDA:0,(anonymous_7)
FNDA:0,(anonymous_8)
FNDA:0,(anonymous_9)
FNDA:0,(anonymous_10)
DA:11,2
DA:12,0
DA:14,0
DA:16,0
DA:17,0
DA:22,0
DA:23,0
DA:25,0
DA:27,0
DA:35,0
DA:37,0
DA:41,0
DA:45,0
DA:51,0
DA:54,0
DA:55,0
DA:63,0
DA:66,0
DA:68,0
DA:69,0
DA:74,0
DA:79,0
DA:81,0
DA:84,0
DA:85,0
DA:87,0
DA:92,0
DA:95,0
DA:97,0
DA:98,0
DA:100,0
DA:106,0
DA:114,0
DA:121,0
DA:122,0
DA:124,0
DA:125,0
DA:126,0
DA:131,0
DA:136,0
DA:141,0
DA:142,0
DA:145,0
LF:43
LH:1
BRDA:54,0,0,0
BRDA:54,0,1,0
BRDA:66,1,0,0
BRDA:66,1,1,0
BRDA:69,2,0,0
BRDA:69,2,1,0
BRDA:79,3,0,0
BRDA:79,3,1,0
BRDA:84,4,0,0
BRDA:84,4,1,0
BRDA:95,5,0,0
BRDA:95,5,1,0
BRDA:107,6,0,0
BRDA:107,6,1,0
BRF:14
BRH:0
end_of_record
TN:
SF:src/pages/Projects/ProjectList/components/ProjectCardListing/ProjectCardListing.tsx
FN:11,(anonymous_0)
FN:22,(anonymous_1)
FNF:2
FNH:2
FNDA:4,(anonymous_0)
FNDA:2,(anonymous_1)
DA:11,2
DA:15,4
DA:16,1
DA:22,3
DA:23,2
LF:5
LH:5
BRDA:15,0,0,1
BRDA:15,0,1,3
BRF:2
BRH:2
end_of_record
TN:
SF:src/pages/Projects/ProjectList/components/ProjectCardListing/components/MobileCard.tsx
FN:10,(anonymous_0)
FN:23,(anonymous_1)
FNF:2
FNH:2
FNDA:4,(anonymous_0)
FNDA:20,(anonymous_1)
DA:10,2
DA:11,4
DA:19,4
DA:24,20
LF:4
LH:4
BRF:0
BRH:0
end_of_record
TN:
SF:src/pages/Projects/ProjectList/components/ProjectTableListing/ProjectTableListing.tsx
FN:45,(anonymous_0)
FN:56,(anonymous_1)
FN:77,(anonymous_2)
FN:106,(anonymous_3)
FN:111,(anonymous_4)
FNF:5
FNH:5
FNDA:8,(anonymous_0)
FNDA:7,(anonymous_1)
FNDA:42,(anonymous_2)
FNDA:8,(anonymous_3)
FNDA:48,(anonymous_4)
DA:21,2
DA:46,8
DA:56,2
DA:66,7
DA:68,7
DA:78,42
DA:107,8
DA:112,48
LF:8
LH:8
BRDA:88,0,0,1
BRDA:88,0,1,6
BRDA:105,1,0,6
BRDA:105,1,1,6
BRDA:116,2,0,8
BRDA:116,2,1,40
BRF:6
BRH:6
end_of_record
TN:
SF:src/pages/Projects/ProjectList/components/ProjectTableListing/useProjectTableListing.ts
FN:4,(anonymous_0)
FN:9,(anonymous_1)
FN:13,(anonymous_2)
FNF:3
FNH:3
FNDA:11,(anonymous_0)
FNDA:1,(anonymous_1)
FNDA:1,(anonymous_2)
DA:4,3
DA:5,11
DA:6,11
DA:9,11
DA:10,1
DA:13,11
DA:16,1
DA:17,1
DA:22,11
DA:25,11
LF:10
LH:10
BRDA:22,0,0,11
BRDA:22,0,1,11
BRF:2
BRH:2
end_of_record
TN:
SF:src/pages/Projects/components/ProjectForm/ProjectForm.tsx
FN:18,(anonymous_0)
FN:103,(anonymous_1)
FNF:2
FNH:1
FNDA:11,(anonymous_0)
FNDA:0,(anonymous_1)
DA:18,1
DA:24,11
DA:28,11
DA:104,0
LF:4
LH:3
BRDA:39,0,0,11
BRDA:39,0,1,2
BRDA:104,1,0,0
BRDA:104,1,1,0
BRDA:139,2,0,2
BRDA:139,2,1,9
BRDA:141,3,0,2
BRDA:141,3,1,7
BRF:8
BRH:6
end_of_record
TN:
SF:src/pages/Projects/components/ProjectForm/useProjectForm.ts
FN:19,(anonymous_0)
FN:40,(anonymous_1)
FN:49,(anonymous_2)
FNF:3
FNH:3
FNDA:4,(anonymous_0)
FNDA:4,(anonymous_1)
FNDA:1,(anonymous_2)
DA:19,2
DA:20,4
DA:38,4
DA:40,4
DA:42,4
DA:43,1
DA:49,4
DA:50,1
DA:53,4
LF:9
LH:9
BRDA:42,0,0,1
BRDA:42,0,1,3
BRF:2
BRH:2
end_of_record
