{"/Users/admin/test/project-management-demo-v2/src/components/AppLayout/AppLayout.tsx": {"path":"/Users/admin/test/project-management-demo-v2/src/components/AppLayout/AppLayout.tsx","statementMap":{"0":{"start":{"line":9,"column":18},"end":{"line":23,"column":1}},"1":{"start":{"line":10,"column":2},"end":{"line":22,"column":4}}},"fnMap":{"0":{"name":"(anonymous_0)","decl":{"start":{"line":9,"column":18},"end":{"line":9,"column":19}},"loc":{"start":{"line":9,"column":24},"end":{"line":23,"column":1}},"line":9}},"branchMap":{},"s":{"0":1,"1":6},"f":{"0":6},"b":{},"_coverageSchema":"1a1c01bbd47fc00a2c39e90264f33305004495a9","hash":"d3af2a8fdd4148ecdf9611b8bdbd05ab1cfa0bcd"}
,"/Users/admin/test/project-management-demo-v2/src/components/Header/Header.tsx": {"path":"/Users/admin/test/project-management-demo-v2/src/components/Header/Header.tsx","statementMap":{"0":{"start":{"line":4,"column":15},"end":{"line":12,"column":1}},"1":{"start":{"line":5,"column":2},"end":{"line":11,"column":4}}},"fnMap":{"0":{"name":"(anonymous_0)","decl":{"start":{"line":4,"column":15},"end":{"line":4,"column":16}},"loc":{"start":{"line":4,"column":21},"end":{"line":12,"column":1}},"line":4}},"branchMap":{},"s":{"0":1,"1":2},"f":{"0":2},"b":{},"_coverageSchema":"1a1c01bbd47fc00a2c39e90264f33305004495a9","hash":"6d251dd96419762a0e6440e9615209a8822ec409"}
,"/Users/admin/test/project-management-demo-v2/src/components/Sidebar/Sidebar.tsx": {"path":"/Users/admin/test/project-management-demo-v2/src/components/Sidebar/Sidebar.tsx","statementMap":{"0":{"start":{"line":6,"column":16},"end":{"line":54,"column":1}},"1":{"start":{"line":7,"column":50},"end":{"line":7,"column":65}},"2":{"start":{"line":9,"column":27},"end":{"line":11,"column":3}},"3":{"start":{"line":10,"column":4},"end":{"line":10,"column":43}},"4":{"start":{"line":13,"column":32},"end":{"line":15,"column":3}},"5":{"start":{"line":14,"column":4},"end":{"line":14,"column":31}},"6":{"start":{"line":17,"column":2},"end":{"line":53,"column":4}}},"fnMap":{"0":{"name":"(anonymous_0)","decl":{"start":{"line":6,"column":16},"end":{"line":6,"column":17}},"loc":{"start":{"line":6,"column":22},"end":{"line":54,"column":1}},"line":6},"1":{"name":"(anonymous_1)","decl":{"start":{"line":9,"column":27},"end":{"line":9,"column":28}},"loc":{"start":{"line":9,"column":33},"end":{"line":11,"column":3}},"line":9},"2":{"name":"(anonymous_2)","decl":{"start":{"line":13,"column":32},"end":{"line":13,"column":33}},"loc":{"start":{"line":13,"column":38},"end":{"line":15,"column":3}},"line":13}},"branchMap":{"0":{"loc":{"start":{"line":26,"column":11},"end":{"line":30,"column":11}},"type":"cond-expr","locations":[{"start":{"line":27,"column":12},"end":{"line":27,"column":41}},{"start":{"line":29,"column":12},"end":{"line":29,"column":41}}],"line":26},"1":{"loc":{"start":{"line":38,"column":10},"end":{"line":38,"column":71}},"type":"cond-expr","locations":[{"start":{"line":38,"column":29},"end":{"line":38,"column":49}},{"start":{"line":38,"column":52},"end":{"line":38,"column":71}}],"line":38},"2":{"loc":{"start":{"line":45,"column":7},"end":{"line":51,"column":7}},"type":"binary-expr","locations":[{"start":{"line":45,"column":7},"end":{"line":45,"column":23}},{"start":{"line":46,"column":8},"end":{"line":50,"column":15}}],"line":45}},"s":{"0":1,"1":13,"2":13,"3":5,"4":13,"5":1,"6":13},"f":{"0":13,"1":5,"2":1},"b":{"0":[3,10],"1":[3,10],"2":[13,3]},"_coverageSchema":"1a1c01bbd47fc00a2c39e90264f33305004495a9","hash":"6a6cdf4539578dd2a0a7e92a67a54206eba01c51"}
,"/Users/admin/test/project-management-demo-v2/src/components/Sidebar/components/FavoriteProjectList/FavoriteProjectList.tsx": {"path":"/Users/admin/test/project-management-demo-v2/src/components/Sidebar/components/FavoriteProjectList/FavoriteProjectList.tsx","statementMap":{"0":{"start":{"line":11,"column":21},"end":{"line":22,"column":1}},"1":{"start":{"line":24,"column":28},"end":{"line":65,"column":1}},"2":{"start":{"line":28,"column":4},"end":{"line":28,"column":28}},"3":{"start":{"line":30,"column":2},"end":{"line":64,"column":4}},"4":{"start":{"line":46,"column":16},"end":{"line":58,"column":21}},"5":{"start":{"line":49,"column":22},"end":{"line":51,"column":123}}},"fnMap":{"0":{"name":"(anonymous_0)","decl":{"start":{"line":24,"column":28},"end":{"line":24,"column":29}},"loc":{"start":{"line":26,"column":32},"end":{"line":65,"column":1}},"line":26},"1":{"name":"(anonymous_1)","decl":{"start":{"line":45,"column":35},"end":{"line":45,"column":36}},"loc":{"start":{"line":46,"column":16},"end":{"line":58,"column":21}},"line":46},"2":{"name":"(anonymous_2)","decl":{"start":{"line":48,"column":31},"end":{"line":48,"column":32}},"loc":{"start":{"line":49,"column":22},"end":{"line":51,"column":123}},"line":49}},"branchMap":{"0":{"loc":{"start":{"line":35,"column":7},"end":{"line":62,"column":7}},"type":"cond-expr","locations":[{"start":{"line":36,"column":8},"end":{"line":41,"column":14}},{"start":{"line":43,"column":8},"end":{"line":61,"column":23}}],"line":35},"1":{"loc":{"start":{"line":44,"column":11},"end":{"line":60,"column":43}},"type":"cond-expr","locations":[{"start":{"line":45,"column":14},"end":{"line":59,"column":16}},{"start":{"line":60,"column":14},"end":{"line":60,"column":43}}],"line":44},"2":{"loc":{"start":{"line":49,"column":22},"end":{"line":51,"column":123}},"type":"cond-expr","locations":[{"start":{"line":50,"column":26},"end":{"line":50,"column":95}},{"start":{"line":51,"column":26},"end":{"line":51,"column":123}}],"line":49}},"s":{"0":1,"1":1,"2":4,"3":4,"4":2,"5":2},"f":{"0":4,"1":2,"2":2},"b":{"0":[1,3],"1":[1,2],"2":[0,2]},"_coverageSchema":"1a1c01bbd47fc00a2c39e90264f33305004495a9","hash":"7458b9c7f45c18aee1cab849f9211f1d20d31f9f"}
,"/Users/admin/test/project-management-demo-v2/src/components/Sidebar/components/FavoriteProjectList/useFavoriteProjectList.ts": {"path":"/Users/admin/test/project-management-demo-v2/src/components/Sidebar/components/FavoriteProjectList/useFavoriteProjectList.ts","statementMap":{"0":{"start":{"line":4,"column":31},"end":{"line":16,"column":1}},"1":{"start":{"line":6,"column":4},"end":{"line":6,"column":28}},"2":{"start":{"line":8,"column":2},"end":{"line":8,"column":34}},"3":{"start":{"line":10,"column":27},"end":{"line":13,"column":3}},"4":{"start":{"line":11,"column":11},"end":{"line":11,"column":53}},"5":{"start":{"line":15,"column":2},"end":{"line":15,"column":57}}},"fnMap":{"0":{"name":"(anonymous_0)","decl":{"start":{"line":4,"column":31},"end":{"line":4,"column":32}},"loc":{"start":{"line":4,"column":37},"end":{"line":16,"column":1}},"line":4},"1":{"name":"(anonymous_1)","decl":{"start":{"line":11,"column":4},"end":{"line":11,"column":5}},"loc":{"start":{"line":11,"column":11},"end":{"line":11,"column":53}},"line":11}},"branchMap":{"0":{"loc":{"start":{"line":11,"column":11},"end":{"line":11,"column":53}},"type":"cond-expr","locations":[{"start":{"line":11,"column":39},"end":{"line":11,"column":48}},{"start":{"line":11,"column":51},"end":{"line":11,"column":53}}],"line":11}},"s":{"0":2,"1":5,"2":5,"3":5,"4":5,"5":5},"f":{"0":5,"1":5},"b":{"0":[2,3]},"_coverageSchema":"1a1c01bbd47fc00a2c39e90264f33305004495a9","hash":"f412f73167415bc04de82e7df189bd4e4c7051da"}
,"/Users/admin/test/project-management-demo-v2/src/components/ui/FormDatePickerField/FormDatePickerField.tsx": {"path":"/Users/admin/test/project-management-demo-v2/src/components/ui/FormDatePickerField/FormDatePickerField.tsx","statementMap":{"0":{"start":{"line":13,"column":26},"end":{"line":17,"column":1}},"1":{"start":{"line":14,"column":2},"end":{"line":16,"column":11}},"2":{"start":{"line":19,"column":28},"end":{"line":47,"column":1}},"3":{"start":{"line":25,"column":33},"end":{"line":25,"column":54}},"4":{"start":{"line":26,"column":2},"end":{"line":46,"column":4}},"5":{"start":{"line":31,"column":8},"end":{"line":43,"column":10}},"6":{"start":{"line":33,"column":30},"end":{"line":33,"column":56}}},"fnMap":{"0":{"name":"(anonymous_0)","decl":{"start":{"line":13,"column":26},"end":{"line":13,"column":27}},"loc":{"start":{"line":13,"column":56},"end":{"line":17,"column":1}},"line":13},"1":{"name":"(anonymous_1)","decl":{"start":{"line":19,"column":28},"end":{"line":19,"column":29}},"loc":{"start":{"line":24,"column":35},"end":{"line":47,"column":1}},"line":24},"2":{"name":"(anonymous_2)","decl":{"start":{"line":30,"column":14},"end":{"line":30,"column":15}},"loc":{"start":{"line":31,"column":8},"end":{"line":43,"column":10}},"line":31},"3":{"name":"(anonymous_3)","decl":{"start":{"line":33,"column":20},"end":{"line":33,"column":21}},"loc":{"start":{"line":33,"column":30},"end":{"line":33,"column":56}},"line":33}},"branchMap":{"0":{"loc":{"start":{"line":14,"column":9},"end":{"line":16,"column":10}},"type":"cond-expr","locations":[{"start":{"line":15,"column":6},"end":{"line":15,"column":38}},{"start":{"line":16,"column":6},"end":{"line":16,"column":10}}],"line":14},"1":{"loc":{"start":{"line":14,"column":9},"end":{"line":14,"column":38}},"type":"binary-expr","locations":[{"start":{"line":14,"column":9},"end":{"line":14,"column":13}},{"start":{"line":14,"column":17},"end":{"line":14,"column":38}}],"line":14},"2":{"loc":{"start":{"line":22,"column":2},"end":{"line":22,"column":12}},"type":"default-arg","locations":[{"start":{"line":22,"column":10},"end":{"line":22,"column":12}}],"line":22},"3":{"loc":{"start":{"line":25,"column":33},"end":{"line":25,"column":54}},"type":"binary-expr","locations":[{"start":{"line":25,"column":33},"end":{"line":25,"column":48}},{"start":{"line":25,"column":52},"end":{"line":25,"column":54}}],"line":25},"4":{"loc":{"start":{"line":32,"column":17},"end":{"line":32,"column":54}},"type":"cond-expr","locations":[{"start":{"line":32,"column":25},"end":{"line":32,"column":47}},{"start":{"line":32,"column":50},"end":{"line":32,"column":54}}],"line":32}},"s":{"0":1,"1":7,"2":1,"3":10,"4":10,"5":16,"6":3},"f":{"0":7,"1":10,"2":16,"3":3},"b":{"0":[4,3],"1":[7,5],"2":[8],"3":[10,0],"4":[4,12]},"_coverageSchema":"1a1c01bbd47fc00a2c39e90264f33305004495a9","hash":"b1a1ff16b67db1a4b979764403164496fd5f4df8"}
,"/Users/admin/test/project-management-demo-v2/src/pages/Projects/Projects.tsx": {"path":"/Users/admin/test/project-management-demo-v2/src/pages/Projects/Projects.tsx","statementMap":{"0":{"start":{"line":4,"column":17},"end":{"line":6,"column":1}},"1":{"start":{"line":5,"column":2},"end":{"line":5,"column":25}}},"fnMap":{"0":{"name":"(anonymous_0)","decl":{"start":{"line":4,"column":17},"end":{"line":4,"column":18}},"loc":{"start":{"line":4,"column":23},"end":{"line":6,"column":1}},"line":4}},"branchMap":{},"s":{"0":1,"1":3},"f":{"0":3},"b":{},"_coverageSchema":"1a1c01bbd47fc00a2c39e90264f33305004495a9","hash":"6c54c2a003106812be537f51d041c56fd196688e"}
,"/Users/admin/test/project-management-demo-v2/src/pages/Projects/CreateProject/CreateProject.tsx": {"path":"/Users/admin/test/project-management-demo-v2/src/pages/Projects/CreateProject/CreateProject.tsx","statementMap":{"0":{"start":{"line":7,"column":22},"end":{"line":27,"column":1}},"1":{"start":{"line":8,"column":47},"end":{"line":8,"column":65}},"2":{"start":{"line":10,"column":2},"end":{"line":26,"column":4}}},"fnMap":{"0":{"name":"(anonymous_0)","decl":{"start":{"line":7,"column":22},"end":{"line":7,"column":23}},"loc":{"start":{"line":7,"column":28},"end":{"line":27,"column":1}},"line":7}},"branchMap":{},"s":{"0":1,"1":7,"2":7},"f":{"0":7},"b":{},"_coverageSchema":"1a1c01bbd47fc00a2c39e90264f33305004495a9","hash":"2595c9f4e0949903bead3c0efddc34f0e642e81a"}
,"/Users/admin/test/project-management-demo-v2/src/pages/Projects/CreateProject/useCreateProject.ts": {"path":"/Users/admin/test/project-management-demo-v2/src/pages/Projects/CreateProject/useCreateProject.ts","statementMap":{"0":{"start":{"line":9,"column":25},"end":{"line":31,"column":1}},"1":{"start":{"line":10,"column":19},"end":{"line":10,"column":32}},"2":{"start":{"line":12,"column":24},"end":{"line":12,"column":34}},"3":{"start":{"line":14,"column":51},"end":{"line":24,"column":4}},"4":{"start":{"line":17,"column":8},"end":{"line":17,"column":61}},"5":{"start":{"line":18,"column":8},"end":{"line":18,"column":30}},"6":{"start":{"line":21,"column":8},"end":{"line":21,"column":54}},"7":{"start":{"line":26,"column":24},"end":{"line":28,"column":3}},"8":{"start":{"line":27,"column":4},"end":{"line":27,"column":21}},"9":{"start":{"line":30,"column":2},"end":{"line":30,"column":46}}},"fnMap":{"0":{"name":"(anonymous_0)","decl":{"start":{"line":9,"column":25},"end":{"line":9,"column":26}},"loc":{"start":{"line":9,"column":31},"end":{"line":31,"column":1}},"line":9},"1":{"name":"(anonymous_1)","decl":{"start":{"line":16,"column":17},"end":{"line":16,"column":18}},"loc":{"start":{"line":16,"column":23},"end":{"line":19,"column":7}},"line":16},"2":{"name":"(anonymous_2)","decl":{"start":{"line":20,"column":15},"end":{"line":20,"column":16}},"loc":{"start":{"line":20,"column":45},"end":{"line":22,"column":7}},"line":20},"3":{"name":"(anonymous_3)","decl":{"start":{"line":26,"column":24},"end":{"line":26,"column":25}},"loc":{"start":{"line":26,"column":56},"end":{"line":28,"column":3}},"line":26}},"branchMap":{},"s":{"0":2,"1":2,"2":2,"3":2,"4":0,"5":0,"6":0,"7":2,"8":1,"9":2},"f":{"0":2,"1":0,"2":0,"3":1},"b":{},"_coverageSchema":"1a1c01bbd47fc00a2c39e90264f33305004495a9","hash":"bc0d52188344c163325f0af6147bf1a4712eb064"}
,"/Users/admin/test/project-management-demo-v2/src/pages/Projects/EditProject/EditProject.tsx": {"path":"/Users/admin/test/project-management-demo-v2/src/pages/Projects/EditProject/EditProject.tsx","statementMap":{"0":{"start":{"line":8,"column":20},"end":{"line":35,"column":1}},"1":{"start":{"line":10,"column":4},"end":{"line":10,"column":20}},"2":{"start":{"line":12,"column":2},"end":{"line":18,"column":3}},"3":{"start":{"line":13,"column":4},"end":{"line":17,"column":6}},"4":{"start":{"line":20,"column":2},"end":{"line":34,"column":4}}},"fnMap":{"0":{"name":"(anonymous_0)","decl":{"start":{"line":8,"column":20},"end":{"line":8,"column":21}},"loc":{"start":{"line":8,"column":26},"end":{"line":35,"column":1}},"line":8}},"branchMap":{"0":{"loc":{"start":{"line":12,"column":2},"end":{"line":18,"column":3}},"type":"if","locations":[{"start":{"line":12,"column":2},"end":{"line":18,"column":3}},{"start":{},"end":{}}],"line":12},"1":{"loc":{"start":{"line":12,"column":6},"end":{"line":12,"column":36}},"type":"binary-expr","locations":[{"start":{"line":12,"column":6},"end":{"line":12,"column":20}},{"start":{"line":12,"column":24},"end":{"line":12,"column":36}}],"line":12}},"s":{"0":1,"1":3,"2":3,"3":1,"4":2},"f":{"0":3},"b":{"0":[1,2],"1":[3,2]},"_coverageSchema":"1a1c01bbd47fc00a2c39e90264f33305004495a9","hash":"e607f98a1fbb0c734907552b1110728b043c7173"}
,"/Users/admin/test/project-management-demo-v2/src/pages/Projects/EditProject/useEditProject.ts": {"path":"/Users/admin/test/project-management-demo-v2/src/pages/Projects/EditProject/useEditProject.ts","statementMap":{"0":{"start":{"line":9,"column":23},"end":{"line":58,"column":1}},"1":{"start":{"line":10,"column":19},"end":{"line":10,"column":32}},"2":{"start":{"line":12,"column":24},"end":{"line":12,"column":35}},"3":{"start":{"line":14,"column":24},"end":{"line":14,"column":34}},"4":{"start":{"line":20,"column":6},"end":{"line":25,"column":4}},"5":{"start":{"line":27,"column":2},"end":{"line":31,"column":36}},"6":{"start":{"line":28,"column":4},"end":{"line":30,"column":5}},"7":{"start":{"line":29,"column":6},"end":{"line":29,"column":28}},"8":{"start":{"line":33,"column":22},"end":{"line":33,"column":76}},"9":{"start":{"line":33,"column":37},"end":{"line":33,"column":66}},"10":{"start":{"line":35,"column":49},"end":{"line":46,"column":4}},"11":{"start":{"line":39,"column":8},"end":{"line":39,"column":61}},"12":{"start":{"line":40,"column":8},"end":{"line":40,"column":30}},"13":{"start":{"line":43,"column":8},"end":{"line":43,"column":54}},"14":{"start":{"line":48,"column":24},"end":{"line":50,"column":3}},"15":{"start":{"line":49,"column":4},"end":{"line":49,"column":21}},"16":{"start":{"line":52,"column":2},"end":{"line":57,"column":4}}},"fnMap":{"0":{"name":"(anonymous_0)","decl":{"start":{"line":9,"column":23},"end":{"line":9,"column":24}},"loc":{"start":{"line":9,"column":29},"end":{"line":58,"column":1}},"line":9},"1":{"name":"(anonymous_1)","decl":{"start":{"line":27,"column":12},"end":{"line":27,"column":13}},"loc":{"start":{"line":27,"column":18},"end":{"line":31,"column":3}},"line":27},"2":{"name":"(anonymous_2)","decl":{"start":{"line":33,"column":30},"end":{"line":33,"column":31}},"loc":{"start":{"line":33,"column":37},"end":{"line":33,"column":66}},"line":33},"3":{"name":"(anonymous_3)","decl":{"start":{"line":38,"column":17},"end":{"line":38,"column":18}},"loc":{"start":{"line":38,"column":23},"end":{"line":41,"column":7}},"line":38},"4":{"name":"(anonymous_4)","decl":{"start":{"line":42,"column":15},"end":{"line":42,"column":16}},"loc":{"start":{"line":42,"column":45},"end":{"line":44,"column":7}},"line":42},"5":{"name":"(anonymous_5)","decl":{"start":{"line":48,"column":24},"end":{"line":48,"column":25}},"loc":{"start":{"line":48,"column":56},"end":{"line":50,"column":3}},"line":48}},"branchMap":{"0":{"loc":{"start":{"line":28,"column":4},"end":{"line":30,"column":5}},"type":"if","locations":[{"start":{"line":28,"column":4},"end":{"line":30,"column":5}},{"start":{},"end":{}}],"line":28},"1":{"loc":{"start":{"line":28,"column":8},"end":{"line":28,"column":41}},"type":"binary-expr","locations":[{"start":{"line":28,"column":8},"end":{"line":28,"column":13}},{"start":{"line":28,"column":17},"end":{"line":28,"column":32}},{"start":{"line":28,"column":36},"end":{"line":28,"column":41}}],"line":28},"2":{"loc":{"start":{"line":33,"column":37},"end":{"line":33,"column":66}},"type":"cond-expr","locations":[{"start":{"line":33,"column":50},"end":{"line":33,"column":59}},{"start":{"line":33,"column":62},"end":{"line":33,"column":66}}],"line":33}},"s":{"0":2,"1":5,"2":5,"3":5,"4":5,"5":5,"6":5,"7":1,"8":5,"9":5,"10":5,"11":1,"12":1,"13":1,"14":5,"15":1,"16":5},"f":{"0":5,"1":5,"2":5,"3":1,"4":1,"5":1},"b":{"0":[1,4],"1":[5,1,1],"2":[4,1]},"_coverageSchema":"1a1c01bbd47fc00a2c39e90264f33305004495a9","hash":"1f47103d35405218dc15c568cb951498c6733b05"}
,"/Users/admin/test/project-management-demo-v2/src/pages/Projects/ProjectDetail/ProjectDetail.tsx": {"path":"/Users/admin/test/project-management-demo-v2/src/pages/Projects/ProjectDetail/ProjectDetail.tsx","statementMap":{"0":{"start":{"line":18,"column":22},"end":{"line":96,"column":1}},"1":{"start":{"line":24,"column":6},"end":{"line":24,"column":24}},"2":{"start":{"line":26,"column":2},"end":{"line":32,"column":3}},"3":{"start":{"line":27,"column":4},"end":{"line":31,"column":6}},"4":{"start":{"line":34,"column":59},"end":{"line":41,"column":3}},"5":{"start":{"line":43,"column":2},"end":{"line":95,"column":4}},"6":{"start":{"line":59,"column":12},"end":{"line":68,"column":18}}},"fnMap":{"0":{"name":"(anonymous_0)","decl":{"start":{"line":18,"column":22},"end":{"line":18,"column":23}},"loc":{"start":{"line":18,"column":28},"end":{"line":96,"column":1}},"line":18},"1":{"name":"(anonymous_1)","decl":{"start":{"line":58,"column":23},"end":{"line":58,"column":24}},"loc":{"start":{"line":59,"column":12},"end":{"line":68,"column":18}},"line":59}},"branchMap":{"0":{"loc":{"start":{"line":26,"column":2},"end":{"line":32,"column":3}},"type":"if","locations":[{"start":{"line":26,"column":2},"end":{"line":32,"column":3}},{"start":{},"end":{}}],"line":26},"1":{"loc":{"start":{"line":26,"column":6},"end":{"line":26,"column":38}},"type":"binary-expr","locations":[{"start":{"line":26,"column":6},"end":{"line":26,"column":22}},{"start":{"line":26,"column":26},"end":{"line":26,"column":38}}],"line":26}},"s":{"0":1,"1":3,"2":3,"3":1,"4":2,"5":2,"6":12},"f":{"0":3,"1":12},"b":{"0":[1,2],"1":[3,2]},"_coverageSchema":"1a1c01bbd47fc00a2c39e90264f33305004495a9","hash":"c909ac0e7ce517175cdfb6999e76298048b5f885"}
,"/Users/admin/test/project-management-demo-v2/src/pages/Projects/ProjectDetail/useProjectDetail.ts": {"path":"/Users/admin/test/project-management-demo-v2/src/pages/Projects/ProjectDetail/useProjectDetail.ts","statementMap":{"0":{"start":{"line":11,"column":25},"end":{"line":47,"column":1}},"1":{"start":{"line":12,"column":24},"end":{"line":12,"column":35}},"2":{"start":{"line":14,"column":19},"end":{"line":14,"column":32}},"3":{"start":{"line":20,"column":6},"end":{"line":25,"column":4}},"4":{"start":{"line":27,"column":29},"end":{"line":29,"column":3}},"5":{"start":{"line":28,"column":4},"end":{"line":28,"column":26}},"6":{"start":{"line":31,"column":27},"end":{"line":33,"column":3}},"7":{"start":{"line":32,"column":4},"end":{"line":32,"column":44}},"8":{"start":{"line":35,"column":2},"end":{"line":39,"column":45}},"9":{"start":{"line":36,"column":4},"end":{"line":38,"column":5}},"10":{"start":{"line":37,"column":6},"end":{"line":37,"column":28}},"11":{"start":{"line":41,"column":2},"end":{"line":46,"column":4}}},"fnMap":{"0":{"name":"(anonymous_0)","decl":{"start":{"line":11,"column":25},"end":{"line":11,"column":26}},"loc":{"start":{"line":11,"column":31},"end":{"line":47,"column":1}},"line":11},"1":{"name":"(anonymous_1)","decl":{"start":{"line":27,"column":29},"end":{"line":27,"column":30}},"loc":{"start":{"line":27,"column":35},"end":{"line":29,"column":3}},"line":27},"2":{"name":"(anonymous_2)","decl":{"start":{"line":31,"column":27},"end":{"line":31,"column":28}},"loc":{"start":{"line":31,"column":33},"end":{"line":33,"column":3}},"line":31},"3":{"name":"(anonymous_3)","decl":{"start":{"line":35,"column":12},"end":{"line":35,"column":13}},"loc":{"start":{"line":35,"column":18},"end":{"line":39,"column":3}},"line":35}},"branchMap":{"0":{"loc":{"start":{"line":36,"column":4},"end":{"line":38,"column":5}},"type":"if","locations":[{"start":{"line":36,"column":4},"end":{"line":38,"column":5}},{"start":{},"end":{}}],"line":36},"1":{"loc":{"start":{"line":36,"column":8},"end":{"line":36,"column":50}},"type":"binary-expr","locations":[{"start":{"line":36,"column":8},"end":{"line":36,"column":20}},{"start":{"line":36,"column":24},"end":{"line":36,"column":41}},{"start":{"line":36,"column":45},"end":{"line":36,"column":50}}],"line":36}},"s":{"0":2,"1":6,"2":6,"3":6,"4":6,"5":1,"6":6,"7":1,"8":6,"9":6,"10":1,"11":6},"f":{"0":6,"1":1,"2":1,"3":6},"b":{"0":[1,5],"1":[6,2,1]},"_coverageSchema":"1a1c01bbd47fc00a2c39e90264f33305004495a9","hash":"b2b45c9d7b56543647f3a8870c16ab98acfebdfe"}
,"/Users/admin/test/project-management-demo-v2/src/pages/Projects/ProjectList/ProjectList.tsx": {"path":"/Users/admin/test/project-management-demo-v2/src/pages/Projects/ProjectList/ProjectList.tsx","statementMap":{"0":{"start":{"line":7,"column":20},"end":{"line":36,"column":1}},"1":{"start":{"line":8,"column":62},"end":{"line":8,"column":78}},"2":{"start":{"line":9,"column":2},"end":{"line":35,"column":4}}},"fnMap":{"0":{"name":"(anonymous_0)","decl":{"start":{"line":7,"column":20},"end":{"line":7,"column":21}},"loc":{"start":{"line":7,"column":26},"end":{"line":36,"column":1}},"line":7}},"branchMap":{},"s":{"0":1,"1":1,"2":1},"f":{"0":1},"b":{},"_coverageSchema":"1a1c01bbd47fc00a2c39e90264f33305004495a9","hash":"96df02e23ead2802909de2c8638681e6fca322ec"}
,"/Users/admin/test/project-management-demo-v2/src/pages/Projects/ProjectList/useProjectList.ts": {"path":"/Users/admin/test/project-management-demo-v2/src/pages/Projects/ProjectList/useProjectList.ts","statementMap":{"0":{"start":{"line":5,"column":23},"end":{"line":20,"column":1}},"1":{"start":{"line":6,"column":19},"end":{"line":6,"column":32}},"2":{"start":{"line":8,"column":48},"end":{"line":8,"column":64}},"3":{"start":{"line":10,"column":19},"end":{"line":13,"column":3}},"4":{"start":{"line":11,"column":11},"end":{"line":11,"column":53}},"5":{"start":{"line":15,"column":30},"end":{"line":17,"column":3}},"6":{"start":{"line":16,"column":4},"end":{"line":16,"column":30}},"7":{"start":{"line":19,"column":2},"end":{"line":19,"column":61}}},"fnMap":{"0":{"name":"(anonymous_0)","decl":{"start":{"line":5,"column":23},"end":{"line":5,"column":24}},"loc":{"start":{"line":5,"column":29},"end":{"line":20,"column":1}},"line":5},"1":{"name":"(anonymous_1)","decl":{"start":{"line":11,"column":4},"end":{"line":11,"column":5}},"loc":{"start":{"line":11,"column":11},"end":{"line":11,"column":53}},"line":11},"2":{"name":"(anonymous_2)","decl":{"start":{"line":15,"column":30},"end":{"line":15,"column":31}},"loc":{"start":{"line":15,"column":36},"end":{"line":17,"column":3}},"line":15}},"branchMap":{"0":{"loc":{"start":{"line":11,"column":11},"end":{"line":11,"column":53}},"type":"cond-expr","locations":[{"start":{"line":11,"column":39},"end":{"line":11,"column":48}},{"start":{"line":11,"column":51},"end":{"line":11,"column":53}}],"line":11}},"s":{"0":2,"1":4,"2":4,"3":4,"4":4,"5":4,"6":1,"7":4},"f":{"0":4,"1":4,"2":1},"b":{"0":[1,3]},"_coverageSchema":"1a1c01bbd47fc00a2c39e90264f33305004495a9","hash":"155f57af9e1bb1f3884c965c941fc323758d08f6"}
,"/Users/admin/test/project-management-demo-v2/src/pages/Projects/ProjectList/components/EditProject/EditProject.tsx": {"path":"/Users/admin/test/project-management-demo-v2/src/pages/Projects/ProjectList/components/EditProject/EditProject.tsx","statementMap":{"0":{"start":{"line":11,"column":20},"end":{"line":29,"column":1}},"1":{"start":{"line":12,"column":19},"end":{"line":12,"column":32}},"2":{"start":{"line":14,"column":21},"end":{"line":16,"column":3}},"3":{"start":{"line":15,"column":4},"end":{"line":15,"column":45}},"4":{"start":{"line":17,"column":2},"end":{"line":28,"column":4}}},"fnMap":{"0":{"name":"(anonymous_0)","decl":{"start":{"line":11,"column":20},"end":{"line":11,"column":21}},"loc":{"start":{"line":11,"column":55},"end":{"line":29,"column":1}},"line":11},"1":{"name":"(anonymous_1)","decl":{"start":{"line":14,"column":21},"end":{"line":14,"column":22}},"loc":{"start":{"line":14,"column":27},"end":{"line":16,"column":3}},"line":14}},"branchMap":{},"s":{"0":2,"1":2,"2":2,"3":1,"4":2},"f":{"0":2,"1":1},"b":{},"_coverageSchema":"1a1c01bbd47fc00a2c39e90264f33305004495a9","hash":"fe510eb62464061f1a550f97c7b33913d308f381"}
,"/Users/admin/test/project-management-demo-v2/src/pages/Projects/ProjectList/components/FavoriteProject/FavoriteProject.tsx": {"path":"/Users/admin/test/project-management-demo-v2/src/pages/Projects/ProjectList/components/FavoriteProject/FavoriteProject.tsx","statementMap":{"0":{"start":{"line":13,"column":24},"end":{"line":34,"column":1}},"1":{"start":{"line":14,"column":2},"end":{"line":14,"column":34}},"2":{"start":{"line":16,"column":45},"end":{"line":18,"column":4}},"3":{"start":{"line":20,"column":2},"end":{"line":33,"column":4}}},"fnMap":{"0":{"name":"(anonymous_0)","decl":{"start":{"line":13,"column":24},"end":{"line":13,"column":25}},"loc":{"start":{"line":13,"column":63},"end":{"line":34,"column":1}},"line":13}},"branchMap":{"0":{"loc":{"start":{"line":29,"column":11},"end":{"line":29,"column":79}},"type":"cond-expr","locations":[{"start":{"line":29,"column":32},"end":{"line":29,"column":53}},{"start":{"line":29,"column":56},"end":{"line":29,"column":79}}],"line":29}},"s":{"0":2,"1":5,"2":5,"3":5},"f":{"0":5},"b":{"0":[1,4]},"_coverageSchema":"1a1c01bbd47fc00a2c39e90264f33305004495a9","hash":"6e19c130fa3b54a8b4c5f20cb5e8448e713ed120"}
,"/Users/admin/test/project-management-demo-v2/src/pages/Projects/ProjectList/components/FavoriteProject/useFavoriteProject.ts": {"path":"/Users/admin/test/project-management-demo-v2/src/pages/Projects/ProjectList/components/FavoriteProject/useFavoriteProject.ts","statementMap":{"0":{"start":{"line":11,"column":27},"end":{"line":146,"column":1}},"1":{"start":{"line":12,"column":22},"end":{"line":12,"column":38}},"2":{"start":{"line":14,"column":24},"end":{"line":14,"column":34}},"3":{"start":{"line":16,"column":20},"end":{"line":16,"column":31}},"4":{"start":{"line":17,"column":42},"end":{"line":139,"column":4}},"5":{"start":{"line":22,"column":47},"end":{"line":22,"column":61}},"6":{"start":{"line":23,"column":41},"end":{"line":23,"column":68}},"7":{"start":{"line":25,"column":33},"end":{"line":25,"column":52}},"8":{"start":{"line":27,"column":8},"end":{"line":34,"column":11}},"9":{"start":{"line":35,"column":8},"end":{"line":35,"column":42}},"10":{"start":{"line":37,"column":33},"end":{"line":39,"column":9}},"11":{"start":{"line":41,"column":38},"end":{"line":43,"column":44}},"12":{"start":{"line":45,"column":41},"end":{"line":47,"column":36}},"13":{"start":{"line":51,"column":8},"end":{"line":60,"column":10}},"14":{"start":{"line":54,"column":12},"end":{"line":54,"column":33}},"15":{"start":{"line":54,"column":22},"end":{"line":54,"column":33}},"16":{"start":{"line":55,"column":12},"end":{"line":58,"column":14}},"17":{"start":{"line":63,"column":8},"end":{"line":76,"column":10}},"18":{"start":{"line":66,"column":12},"end":{"line":66,"column":33}},"19":{"start":{"line":66,"column":22},"end":{"line":66,"column":33}},"20":{"start":{"line":68,"column":36},"end":{"line":72,"column":13}},"21":{"start":{"line":69,"column":14},"end":{"line":71,"column":22}},"22":{"start":{"line":74,"column":12},"end":{"line":74,"column":53}},"23":{"start":{"line":79,"column":8},"end":{"line":103,"column":9}},"24":{"start":{"line":81,"column":10},"end":{"line":89,"column":12}},"25":{"start":{"line":84,"column":39},"end":{"line":86,"column":15}},"26":{"start":{"line":85,"column":26},"end":{"line":85,"column":37}},"27":{"start":{"line":87,"column":14},"end":{"line":87,"column":56}},"28":{"start":{"line":92,"column":10},"end":{"line":102,"column":12}},"29":{"start":{"line":95,"column":14},"end":{"line":95,"column":44}},"30":{"start":{"line":95,"column":24},"end":{"line":95,"column":44}},"31":{"start":{"line":97,"column":40},"end":{"line":99,"column":15}},"32":{"start":{"line":98,"column":26},"end":{"line":98,"column":47}},"33":{"start":{"line":100,"column":14},"end":{"line":100,"column":57}},"34":{"start":{"line":106,"column":8},"end":{"line":111,"column":10}},"35":{"start":{"line":114,"column":8},"end":{"line":118,"column":10}},"36":{"start":{"line":121,"column":47},"end":{"line":121,"column":61}},"37":{"start":{"line":122,"column":41},"end":{"line":122,"column":68}},"38":{"start":{"line":124,"column":33},"end":{"line":124,"column":52}},"39":{"start":{"line":125,"column":8},"end":{"line":125,"column":77}},"40":{"start":{"line":126,"column":8},"end":{"line":129,"column":10}},"41":{"start":{"line":131,"column":8},"end":{"line":134,"column":10}},"42":{"start":{"line":136,"column":8},"end":{"line":136,"column":73}},"43":{"start":{"line":141,"column":31},"end":{"line":143,"column":3}},"44":{"start":{"line":142,"column":4},"end":{"line":142,"column":48}},"45":{"start":{"line":145,"column":2},"end":{"line":145,"column":44}}},"fnMap":{"0":{"name":"(anonymous_0)","decl":{"start":{"line":11,"column":27},"end":{"line":11,"column":28}},"loc":{"start":{"line":11,"column":68},"end":{"line":146,"column":1}},"line":11},"1":{"name":"(anonymous_1)","decl":{"start":{"line":20,"column":16},"end":{"line":20,"column":17}},"loc":{"start":{"line":20,"column":38},"end":{"line":119,"column":7}},"line":20},"2":{"name":"(anonymous_2)","decl":{"start":{"line":53,"column":10},"end":{"line":53,"column":11}},"loc":{"start":{"line":53,"column":50},"end":{"line":59,"column":11}},"line":53},"3":{"name":"(anonymous_3)","decl":{"start":{"line":65,"column":10},"end":{"line":65,"column":11}},"loc":{"start":{"line":65,"column":52},"end":{"line":75,"column":11}},"line":65},"4":{"name":"(anonymous_4)","decl":{"start":{"line":68,"column":49},"end":{"line":68,"column":50}},"loc":{"start":{"line":69,"column":14},"end":{"line":71,"column":22}},"line":69},"5":{"name":"(anonymous_5)","decl":{"start":{"line":83,"column":12},"end":{"line":83,"column":13}},"loc":{"start":{"line":83,"column":54},"end":{"line":88,"column":13}},"line":83},"6":{"name":"(anonymous_6)","decl":{"start":{"line":85,"column":16},"end":{"line":85,"column":17}},"loc":{"start":{"line":85,"column":26},"end":{"line":85,"column":37}},"line":85},"7":{"name":"(anonymous_7)","decl":{"start":{"line":94,"column":12},"end":{"line":94,"column":13}},"loc":{"start":{"line":94,"column":54},"end":{"line":101,"column":13}},"line":94},"8":{"name":"(anonymous_8)","decl":{"start":{"line":98,"column":16},"end":{"line":98,"column":17}},"loc":{"start":{"line":98,"column":26},"end":{"line":98,"column":47}},"line":98},"9":{"name":"(anonymous_9)","decl":{"start":{"line":120,"column":15},"end":{"line":120,"column":16}},"loc":{"start":{"line":120,"column":36},"end":{"line":137,"column":7}},"line":120},"10":{"name":"(anonymous_10)","decl":{"start":{"line":141,"column":31},"end":{"line":141,"column":32}},"loc":{"start":{"line":141,"column":43},"end":{"line":143,"column":3}},"line":141}},"branchMap":{"0":{"loc":{"start":{"line":54,"column":12},"end":{"line":54,"column":33}},"type":"if","locations":[{"start":{"line":54,"column":12},"end":{"line":54,"column":33}},{"start":{},"end":{}}],"line":54},"1":{"loc":{"start":{"line":66,"column":12},"end":{"line":66,"column":33}},"type":"if","locations":[{"start":{"line":66,"column":12},"end":{"line":66,"column":33}},{"start":{},"end":{}}],"line":66},"2":{"loc":{"start":{"line":69,"column":14},"end":{"line":71,"column":22}},"type":"cond-expr","locations":[{"start":{"line":70,"column":18},"end":{"line":70,"column":64}},{"start":{"line":71,"column":18},"end":{"line":71,"column":22}}],"line":69},"3":{"loc":{"start":{"line":79,"column":8},"end":{"line":103,"column":9}},"type":"if","locations":[{"start":{"line":79,"column":8},"end":{"line":103,"column":9}},{"start":{"line":90,"column":15},"end":{"line":103,"column":9}}],"line":79},"4":{"loc":{"start":{"line":84,"column":44},"end":{"line":84,"column":59}},"type":"binary-expr","locations":[{"start":{"line":84,"column":44},"end":{"line":84,"column":53}},{"start":{"line":84,"column":57},"end":{"line":84,"column":59}}],"line":84},"5":{"loc":{"start":{"line":95,"column":14},"end":{"line":95,"column":44}},"type":"if","locations":[{"start":{"line":95,"column":14},"end":{"line":95,"column":44}},{"start":{},"end":{}}],"line":95},"6":{"loc":{"start":{"line":107,"column":10},"end":{"line":109,"column":45}},"type":"cond-expr","locations":[{"start":{"line":108,"column":14},"end":{"line":108,"column":42}},{"start":{"line":109,"column":14},"end":{"line":109,"column":45}}],"line":107}},"s":{"0":3,"1":10,"2":10,"3":10,"4":10,"5":7,"6":7,"7":7,"8":7,"9":7,"10":7,"11":7,"12":7,"13":7,"14":1,"15":0,"16":1,"17":7,"18":0,"19":0,"20":0,"21":0,"22":0,"23":7,"24":5,"25":2,"26":1,"27":2,"28":2,"29":1,"30":0,"31":1,"32":2,"33":1,"34":7,"35":7,"36":1,"37":1,"38":1,"39":1,"40":1,"41":1,"42":1,"43":10,"44":2,"45":10},"f":{"0":10,"1":7,"2":1,"3":0,"4":0,"5":2,"6":1,"7":1,"8":2,"9":1,"10":2},"b":{"0":[0,1],"1":[0,0],"2":[0,0],"3":[5,2],"4":[2,1],"5":[0,1],"6":[5,2]},"_coverageSchema":"1a1c01bbd47fc00a2c39e90264f33305004495a9","hash":"bed1d1cd22b91465291dab93fa58105aa709bb63"}
,"/Users/admin/test/project-management-demo-v2/src/pages/Projects/ProjectList/components/ProjectCardListing/ProjectCardListing.tsx": {"path":"/Users/admin/test/project-management-demo-v2/src/pages/Projects/ProjectList/components/ProjectCardListing/ProjectCardListing.tsx","statementMap":{"0":{"start":{"line":11,"column":27},"end":{"line":25,"column":1}},"1":{"start":{"line":15,"column":2},"end":{"line":21,"column":3}},"2":{"start":{"line":16,"column":4},"end":{"line":20,"column":6}},"3":{"start":{"line":22,"column":2},"end":{"line":24,"column":5}},"4":{"start":{"line":23,"column":4},"end":{"line":23,"column":53}}},"fnMap":{"0":{"name":"(anonymous_0)","decl":{"start":{"line":11,"column":27},"end":{"line":11,"column":28}},"loc":{"start":{"line":14,"column":31},"end":{"line":25,"column":1}},"line":14},"1":{"name":"(anonymous_1)","decl":{"start":{"line":22,"column":22},"end":{"line":22,"column":23}},"loc":{"start":{"line":23,"column":4},"end":{"line":23,"column":53}},"line":23}},"branchMap":{"0":{"loc":{"start":{"line":15,"column":2},"end":{"line":21,"column":3}},"type":"if","locations":[{"start":{"line":15,"column":2},"end":{"line":21,"column":3}},{"start":{},"end":{}}],"line":15}},"s":{"0":2,"1":4,"2":1,"3":3,"4":2},"f":{"0":4,"1":2},"b":{"0":[1,3]},"_coverageSchema":"1a1c01bbd47fc00a2c39e90264f33305004495a9","hash":"4b9e29fb39276aaffcc03ea9e2846505d3e7f0de"}
,"/Users/admin/test/project-management-demo-v2/src/pages/Projects/ProjectList/components/ProjectCardListing/components/MobileCard.tsx": {"path":"/Users/admin/test/project-management-demo-v2/src/pages/Projects/ProjectList/components/ProjectCardListing/components/MobileCard.tsx","statementMap":{"0":{"start":{"line":10,"column":19},"end":{"line":42,"column":1}},"1":{"start":{"line":11,"column":25},"end":{"line":17,"column":3}},"2":{"start":{"line":19,"column":2},"end":{"line":41,"column":4}},"3":{"start":{"line":24,"column":12},"end":{"line":29,"column":18}}},"fnMap":{"0":{"name":"(anonymous_0)","decl":{"start":{"line":10,"column":19},"end":{"line":10,"column":20}},"loc":{"start":{"line":10,"column":56},"end":{"line":42,"column":1}},"line":10},"1":{"name":"(anonymous_1)","decl":{"start":{"line":23,"column":30},"end":{"line":23,"column":31}},"loc":{"start":{"line":24,"column":12},"end":{"line":29,"column":18}},"line":24}},"branchMap":{},"s":{"0":2,"1":4,"2":4,"3":20},"f":{"0":4,"1":20},"b":{},"_coverageSchema":"1a1c01bbd47fc00a2c39e90264f33305004495a9","hash":"b14978060f2f24565ce220c0c7d63b6c19e7ca89"}
,"/Users/admin/test/project-management-demo-v2/src/pages/Projects/ProjectList/components/ProjectTableListing/ProjectTableListing.tsx": {"path":"/Users/admin/test/project-management-demo-v2/src/pages/Projects/ProjectList/components/ProjectTableListing/ProjectTableListing.tsx","statementMap":{"0":{"start":{"line":21,"column":16},"end":{"line":54,"column":1}},"1":{"start":{"line":46,"column":6},"end":{"line":50,"column":8}},"2":{"start":{"line":56,"column":28},"end":{"line":139,"column":1}},"3":{"start":{"line":66,"column":6},"end":{"line":66,"column":42}},"4":{"start":{"line":68,"column":2},"end":{"line":138,"column":4}},"5":{"start":{"line":78,"column":16},"end":{"line":83,"column":28}},"6":{"start":{"line":107,"column":18},"end":{"line":119,"column":29}},"7":{"start":{"line":112,"column":22},"end":{"line":117,"column":34}}},"fnMap":{"0":{"name":"(anonymous_0)","decl":{"start":{"line":45,"column":16},"end":{"line":45,"column":17}},"loc":{"start":{"line":45,"column":35},"end":{"line":51,"column":5}},"line":45},"1":{"name":"(anonymous_1)","decl":{"start":{"line":56,"column":28},"end":{"line":56,"column":29}},"loc":{"start":{"line":59,"column":26},"end":{"line":139,"column":1}},"line":59},"2":{"name":"(anonymous_2)","decl":{"start":{"line":77,"column":27},"end":{"line":77,"column":28}},"loc":{"start":{"line":78,"column":16},"end":{"line":83,"column":28}},"line":78},"3":{"name":"(anonymous_3)","decl":{"start":{"line":106,"column":34},"end":{"line":106,"column":35}},"loc":{"start":{"line":107,"column":18},"end":{"line":119,"column":29}},"line":107},"4":{"name":"(anonymous_4)","decl":{"start":{"line":111,"column":33},"end":{"line":111,"column":34}},"loc":{"start":{"line":112,"column":22},"end":{"line":117,"column":34}},"line":112}},"branchMap":{"0":{"loc":{"start":{"line":88,"column":11},"end":{"line":122,"column":11}},"type":"cond-expr","locations":[{"start":{"line":89,"column":12},"end":{"line":102,"column":15}},{"start":{"line":104,"column":12},"end":{"line":121,"column":24}}],"line":88},"1":{"loc":{"start":{"line":105,"column":15},"end":{"line":120,"column":18}},"type":"binary-expr","locations":[{"start":{"line":105,"column":15},"end":{"line":105,"column":43}},{"start":{"line":106,"column":16},"end":{"line":120,"column":18}}],"line":105},"2":{"loc":{"start":{"line":116,"column":25},"end":{"line":116,"column":64}},"type":"cond-expr","locations":[{"start":{"line":116,"column":38},"end":{"line":116,"column":53}},{"start":{"line":116,"column":56},"end":{"line":116,"column":64}}],"line":116}},"s":{"0":2,"1":8,"2":2,"3":7,"4":7,"5":42,"6":8,"7":48},"f":{"0":8,"1":7,"2":42,"3":8,"4":48},"b":{"0":[1,6],"1":[6,6],"2":[8,40]},"_coverageSchema":"1a1c01bbd47fc00a2c39e90264f33305004495a9","hash":"4d354131113dc10d50688abc5be38e7ae1921195"}
,"/Users/admin/test/project-management-demo-v2/src/pages/Projects/ProjectList/components/ProjectTableListing/useProjectTableListing.ts": {"path":"/Users/admin/test/project-management-demo-v2/src/pages/Projects/ProjectList/components/ProjectTableListing/useProjectTableListing.ts","statementMap":{"0":{"start":{"line":4,"column":31},"end":{"line":32,"column":1}},"1":{"start":{"line":5,"column":26},"end":{"line":5,"column":43}},"2":{"start":{"line":6,"column":40},"end":{"line":6,"column":57}},"3":{"start":{"line":9,"column":27},"end":{"line":11,"column":3}},"4":{"start":{"line":10,"column":4},"end":{"line":10,"column":21}},"5":{"start":{"line":13,"column":34},"end":{"line":18,"column":3}},"6":{"start":{"line":16,"column":4},"end":{"line":16,"column":53}},"7":{"start":{"line":17,"column":4},"end":{"line":17,"column":15}},"8":{"start":{"line":22,"column":4},"end":{"line":23,"column":72}},"9":{"start":{"line":25,"column":2},"end":{"line":31,"column":4}}},"fnMap":{"0":{"name":"(anonymous_0)","decl":{"start":{"line":4,"column":31},"end":{"line":4,"column":32}},"loc":{"start":{"line":4,"column":74},"end":{"line":32,"column":1}},"line":4},"1":{"name":"(anonymous_1)","decl":{"start":{"line":9,"column":27},"end":{"line":9,"column":28}},"loc":{"start":{"line":9,"column":64},"end":{"line":11,"column":3}},"line":9},"2":{"name":"(anonymous_2)","decl":{"start":{"line":13,"column":34},"end":{"line":13,"column":35}},"loc":{"start":{"line":15,"column":7},"end":{"line":18,"column":3}},"line":15}},"branchMap":{"0":{"loc":{"start":{"line":22,"column":4},"end":{"line":23,"column":72}},"type":"binary-expr","locations":[{"start":{"line":22,"column":4},"end":{"line":22,"column":27}},{"start":{"line":23,"column":4},"end":{"line":23,"column":72}}],"line":22}},"s":{"0":3,"1":11,"2":11,"3":11,"4":1,"5":11,"6":1,"7":1,"8":11,"9":11},"f":{"0":11,"1":1,"2":1},"b":{"0":[11,11]},"_coverageSchema":"1a1c01bbd47fc00a2c39e90264f33305004495a9","hash":"fecc8eb1eb39b5a0e6e5f36778b27702867fe377"}
,"/Users/admin/test/project-management-demo-v2/src/pages/Projects/components/ProjectForm/ProjectForm.tsx": {"path":"/Users/admin/test/project-management-demo-v2/src/pages/Projects/components/ProjectForm/ProjectForm.tsx","statementMap":{"0":{"start":{"line":18,"column":20},"end":{"line":152,"column":1}},"1":{"start":{"line":24,"column":4},"end":{"line":27,"column":6}},"2":{"start":{"line":28,"column":2},"end":{"line":151,"column":4}},"3":{"start":{"line":104,"column":18},"end":{"line":105,"column":60}}},"fnMap":{"0":{"name":"(anonymous_0)","decl":{"start":{"line":18,"column":20},"end":{"line":18,"column":21}},"loc":{"start":{"line":22,"column":24},"end":{"line":152,"column":1}},"line":22},"1":{"name":"(anonymous_1)","decl":{"start":{"line":103,"column":26},"end":{"line":103,"column":27}},"loc":{"start":{"line":104,"column":18},"end":{"line":105,"column":60}},"line":104}},"branchMap":{"0":{"loc":{"start":{"line":39,"column":13},"end":{"line":50,"column":13}},"type":"binary-expr","locations":[{"start":{"line":39,"column":13},"end":{"line":39,"column":22}},{"start":{"line":40,"column":14},"end":{"line":49,"column":16}}],"line":39},"1":{"loc":{"start":{"line":104,"column":18},"end":{"line":105,"column":60}},"type":"binary-expr","locations":[{"start":{"line":104,"column":18},"end":{"line":104,"column":46}},{"start":{"line":105,"column":18},"end":{"line":105,"column":60}}],"line":104},"2":{"loc":{"start":{"line":139,"column":15},"end":{"line":145,"column":15}},"type":"cond-expr","locations":[{"start":{"line":140,"column":16},"end":{"line":140,"column":64}},{"start":{"line":141,"column":18},"end":{"line":145,"column":15}}],"line":139},"3":{"loc":{"start":{"line":141,"column":18},"end":{"line":145,"column":15}},"type":"cond-expr","locations":[{"start":{"line":142,"column":16},"end":{"line":142,"column":24}},{"start":{"line":144,"column":16},"end":{"line":144,"column":24}}],"line":141}},"s":{"0":1,"1":11,"2":11,"3":0},"f":{"0":11,"1":0},"b":{"0":[11,2],"1":[0,0],"2":[2,9],"3":[2,7]},"_coverageSchema":"1a1c01bbd47fc00a2c39e90264f33305004495a9","hash":"2a3cdb8d85d26ba48da35d3dd3ef5fb8855739e8"}
,"/Users/admin/test/project-management-demo-v2/src/pages/Projects/components/ProjectForm/useProjectForm.ts": {"path":"/Users/admin/test/project-management-demo-v2/src/pages/Projects/components/ProjectForm/useProjectForm.ts","statementMap":{"0":{"start":{"line":19,"column":23},"end":{"line":62,"column":1}},"1":{"start":{"line":20,"column":15},"end":{"line":29,"column":4}},"2":{"start":{"line":38,"column":6},"end":{"line":38,"column":10}},"3":{"start":{"line":40,"column":2},"end":{"line":47,"column":16}},"4":{"start":{"line":42,"column":4},"end":{"line":46,"column":5}},"5":{"start":{"line":43,"column":6},"end":{"line":45,"column":9}},"6":{"start":{"line":49,"column":19},"end":{"line":51,"column":3}},"7":{"start":{"line":50,"column":4},"end":{"line":50,"column":70}},"8":{"start":{"line":53,"column":2},"end":{"line":61,"column":4}}},"fnMap":{"0":{"name":"(anonymous_0)","decl":{"start":{"line":19,"column":23},"end":{"line":19,"column":24}},"loc":{"start":{"line":19,"column":75},"end":{"line":62,"column":1}},"line":19},"1":{"name":"(anonymous_1)","decl":{"start":{"line":40,"column":12},"end":{"line":40,"column":13}},"loc":{"start":{"line":40,"column":18},"end":{"line":47,"column":3}},"line":40},"2":{"name":"(anonymous_2)","decl":{"start":{"line":49,"column":19},"end":{"line":49,"column":20}},"loc":{"start":{"line":49,"column":48},"end":{"line":51,"column":3}},"line":49}},"branchMap":{"0":{"loc":{"start":{"line":42,"column":4},"end":{"line":46,"column":5}},"type":"if","locations":[{"start":{"line":42,"column":4},"end":{"line":46,"column":5}},{"start":{},"end":{}}],"line":42}},"s":{"0":2,"1":4,"2":4,"3":4,"4":4,"5":1,"6":4,"7":1,"8":4},"f":{"0":4,"1":4,"2":1},"b":{"0":[1,3]},"_coverageSchema":"1a1c01bbd47fc00a2c39e90264f33305004495a9","hash":"2db93b4e7a581684f5286dd59a022f3ba2498af8"}
}
